2020-06-12 20:56:18 [127.0.0.1][-][-][warning][application] Unable to use cache for URL manager: Failed to instantiate component or class "cache".
2020-06-12 20:56:18 [127.0.0.1][-][-][error][yii\web\HttpException:401] yii\web\UnauthorizedHttpException: Your request was made with invalid credentials. in /Users/nts/nateatnts/baseapi-starter/baseapi-starter/vendor/yiisoft/yii2/filters/auth/AuthMethod.php:93
Stack trace:
#0 /Users/nts/nateatnts/baseapi-starter/baseapi-starter/vendor/yiisoft/yii2/filters/auth/AuthMethod.php(76): yii\filters\auth\AuthMethod->handleFailure(Object(yii\web\Response))
#1 /Users/nts/nateatnts/baseapi-starter/baseapi-starter/vendor/yiisoft/yii2/base/ActionFilter.php(77): yii\filters\auth\AuthMethod->beforeAction(Object(yii\base\InlineAction))
#2 [internal function]: yii\base\ActionFilter->beforeFilter(Object(yii\base\ActionEvent))
#3 /Users/nts/nateatnts/baseapi-starter/baseapi-starter/vendor/yiisoft/yii2/base/Component.php(627): call_user_func(Array, Object(yii\base\ActionEvent))
#4 /Users/nts/nateatnts/baseapi-starter/baseapi-starter/vendor/yiisoft/yii2/base/Controller.php(276): yii\base\Component->trigger('beforeAction', Object(yii\base\ActionEvent))
#5 /Users/nts/nateatnts/baseapi-starter/baseapi-starter/vendor/yiisoft/yii2/web/Controller.php(188): yii\base\Controller->beforeAction(Object(yii\base\InlineAction))
#6 /Users/nts/nateatnts/baseapi-starter/baseapi-starter/vendor/yiisoft/yii2/base/Controller.php(155): yii\web\Controller->beforeAction(Object(yii\base\InlineAction))
#7 /Users/nts/nateatnts/baseapi-starter/baseapi-starter/vendor/yiisoft/yii2/base/Module.php(528): yii\base\Controller->runAction('', Array)
#8 /Users/nts/nateatnts/baseapi-starter/baseapi-starter/vendor/yiisoft/yii2/web/Application.php(103): yii\base\Module->runAction('user', Array)
#9 /Users/nts/nateatnts/baseapi-starter/baseapi-starter/vendor/yiisoft/yii2/base/Application.php(386): yii\web\Application->handleRequest(Object(baseapi\web\Request))
#10 /Users/nts/nateatnts/baseapi-starter/baseapi-starter/public/index.php(20): yii\base\Application->run()
#11 /Users/nts/.composer/vendor/laravel/valet/server.php(191): require('/Users/nts/nate...')
#12 {main}
2020-06-12 20:56:18 [127.0.0.1][-][-][info][application] $_GET = []

$_POST = []

$_FILES = []

$_COOKIE = []

$_SERVER = [
    'USER' => 'nts'
    'HOME' => '/Users/nts'
    'HTTP_ACCEPT_LANGUAGE' => 'en-US,en;q=0.9'
    'HTTP_ACCEPT_ENCODING' => 'gzip, deflate'
    'HTTP_ACCEPT' => 'text/html,application/xhtml+xml,application/xml;q=0.9,image/webp,image/apng,*/*;q=0.8,application/signed-exchange;v=b3;q=0.9'
    'HTTP_USER_AGENT' => 'Mozilla/5.0 (Macintosh; Intel Mac OS X 10_15_4) AppleWebKit/537.36 (KHTML, like Gecko) Chrome/83.0.4103.61 Safari/537.36'
    'HTTP_UPGRADE_INSECURE_REQUESTS' => '1'
    'HTTP_CACHE_CONTROL' => 'max-age=0'
    'HTTP_CONNECTION' => 'keep-alive'
    'HTTP_HOST' => 'baseapi-starter.test'
    'PATH_INFO' => ''
    'REDIRECT_STATUS' => '200'
    'SERVER_NAME' => 'baseapi-starter.test'
    'SERVER_PORT' => '80'
    'SERVER_ADDR' => '127.0.0.1'
    'REMOTE_PORT' => '60222'
    'REMOTE_ADDR' => '127.0.0.1'
    'SERVER_SOFTWARE' => 'nginx/1.17.9'
    'GATEWAY_INTERFACE' => 'CGI/1.1'
    'SERVER_PROTOCOL' => 'HTTP/1.1'
    'DOCUMENT_ROOT' => '/Users/nts/nateatnts/baseapi-starter/baseapi-starter/public'
    'DOCUMENT_URI' => '/Users/nts/.composer/vendor/laravel/valet/server.php'
    'REQUEST_URI' => '/user'
    'SCRIPT_NAME' => '/index.php'
    'SCRIPT_FILENAME' => '/Users/nts/nateatnts/baseapi-starter/baseapi-starter/public/index.php'
    'CONTENT_LENGTH' => ''
    'CONTENT_TYPE' => ''
    'REQUEST_METHOD' => 'GET'
    'QUERY_STRING' => ''
    'FCGI_ROLE' => 'RESPONDER'
    'PHP_SELF' => '/user'
    'REQUEST_TIME_FLOAT' => 1591995378.346
    'REQUEST_TIME' => 1591995378
    'ENVIRONMENT' => ''
    'DB_DRIVER' => 'mysql'
    'DB_SERVER' => '127.0.0.1'
    'DB_USER' => 'root'
    'DB_PASSWORD' => 'pascal'
    'DB_DATABASE' => 'apistarter'
    'DB_TABLE_PREFIX' => 'api_'
    'DB_PORT' => ''
]
2020-06-12 21:18:03 [127.0.0.1][-][-][warning][application] Unable to use cache for URL manager: Failed to instantiate component or class "cache".
2020-06-12 21:18:03 [127.0.0.1][-][-][info][application] $_GET = []

$_POST = []

$_FILES = []

$_COOKIE = []

$_SERVER = [
    'USER' => 'nts'
    'HOME' => '/Users/nts'
    'HTTP_ACCEPT_LANGUAGE' => 'en-US,en;q=0.9'
    'HTTP_ACCEPT_ENCODING' => 'gzip, deflate'
    'HTTP_USER_AGENT' => 'Mozilla/5.0 (Macintosh; Intel Mac OS X 10_15_4) AppleWebKit/537.36 (KHTML, like Gecko) Chrome/83.0.4103.61 Safari/537.36'
    'HTTP_REFERER' => 'http://localhost:8082/'
    'HTTP_SEC_FETCH_MODE' => 'cors'
    'HTTP_ORIGIN' => 'http://localhost:8082'
    'HTTP_ACCESS_CONTROL_REQUEST_HEADERS' => 'content-type'
    'HTTP_ACCESS_CONTROL_REQUEST_METHOD' => 'POST'
    'HTTP_ACCEPT' => '*/*'
    'HTTP_CONNECTION' => 'keep-alive'
    'HTTP_HOST' => 'baseapi-starter.test'
    'PATH_INFO' => ''
    'REDIRECT_STATUS' => '200'
    'SERVER_NAME' => 'baseapi-starter.test'
    'SERVER_PORT' => '80'
    'SERVER_ADDR' => '127.0.0.1'
    'REMOTE_PORT' => '63991'
    'REMOTE_ADDR' => '127.0.0.1'
    'SERVER_SOFTWARE' => 'nginx/1.17.9'
    'GATEWAY_INTERFACE' => 'CGI/1.1'
    'SERVER_PROTOCOL' => 'HTTP/1.1'
    'DOCUMENT_ROOT' => '/Users/nts/nateatnts/baseapi-starter/baseapi-starter/public'
    'DOCUMENT_URI' => '/Users/nts/.composer/vendor/laravel/valet/server.php'
    'REQUEST_URI' => '/api/login'
    'SCRIPT_NAME' => '/index.php'
    'SCRIPT_FILENAME' => '/Users/nts/nateatnts/baseapi-starter/baseapi-starter/public/index.php'
    'CONTENT_LENGTH' => ''
    'CONTENT_TYPE' => ''
    'REQUEST_METHOD' => 'OPTIONS'
    'QUERY_STRING' => ''
    'FCGI_ROLE' => 'RESPONDER'
    'PHP_SELF' => '/api/login'
    'REQUEST_TIME_FLOAT' => 1591996683.456
    'REQUEST_TIME' => 1591996683
    'ENVIRONMENT' => ''
    'DB_DRIVER' => 'mysql'
    'DB_SERVER' => '127.0.0.1'
    'DB_USER' => 'root'
    'DB_PASSWORD' => 'pascal'
    'DB_DATABASE' => 'apistarter'
    'DB_TABLE_PREFIX' => 'api_'
    'DB_PORT' => ''
]
2020-06-12 21:18:03 [127.0.0.1][1][-][warning][application] Unable to use cache for URL manager: Failed to instantiate component or class "cache".
2020-06-12 21:18:03 [127.0.0.1][1][-][info][application] $_GET = []

$_POST = []

$_FILES = []

$_COOKIE = []

$_SERVER = [
    'USER' => 'nts'
    'HOME' => '/Users/nts'
    'HTTP_ACCEPT_LANGUAGE' => 'en-US,en;q=0.9'
    'HTTP_ACCEPT_ENCODING' => 'gzip, deflate'
    'HTTP_REFERER' => 'http://localhost:8082/'
    'HTTP_ORIGIN' => 'http://localhost:8082'
    'HTTP_CONTENT_TYPE' => 'application/json;charset=UTF-8'
    'HTTP_USER_AGENT' => 'Mozilla/5.0 (Macintosh; Intel Mac OS X 10_15_4) AppleWebKit/537.36 (KHTML, like Gecko) Chrome/83.0.4103.61 Safari/537.36'
    'HTTP_ACCEPT' => 'application/json, text/plain, */*'
    'HTTP_CONTENT_LENGTH' => '74'
    'HTTP_CONNECTION' => 'keep-alive'
    'HTTP_HOST' => 'baseapi-starter.test'
    'PATH_INFO' => ''
    'REDIRECT_STATUS' => '200'
    'SERVER_NAME' => 'baseapi-starter.test'
    'SERVER_PORT' => '80'
    'SERVER_ADDR' => '127.0.0.1'
    'REMOTE_PORT' => '63991'
    'REMOTE_ADDR' => '127.0.0.1'
    'SERVER_SOFTWARE' => 'nginx/1.17.9'
    'GATEWAY_INTERFACE' => 'CGI/1.1'
    'SERVER_PROTOCOL' => 'HTTP/1.1'
    'DOCUMENT_ROOT' => '/Users/nts/nateatnts/baseapi-starter/baseapi-starter/public'
    'DOCUMENT_URI' => '/Users/nts/.composer/vendor/laravel/valet/server.php'
    'REQUEST_URI' => '/api/login'
    'SCRIPT_NAME' => '/index.php'
    'SCRIPT_FILENAME' => '/Users/nts/nateatnts/baseapi-starter/baseapi-starter/public/index.php'
    'CONTENT_LENGTH' => '74'
    'CONTENT_TYPE' => 'application/json;charset=UTF-8'
    'REQUEST_METHOD' => 'POST'
    'QUERY_STRING' => ''
    'FCGI_ROLE' => 'RESPONDER'
    'PHP_SELF' => '/api/login'
    'REQUEST_TIME_FLOAT' => 1591996683.5979
    'REQUEST_TIME' => 1591996683
    'ENVIRONMENT' => ''
    'DB_DRIVER' => 'mysql'
    'DB_SERVER' => '127.0.0.1'
    'DB_USER' => 'root'
    'DB_PASSWORD' => 'pascal'
    'DB_DATABASE' => 'apistarter'
    'DB_TABLE_PREFIX' => 'api_'
    'DB_PORT' => ''
]
2020-06-12 21:18:33 [127.0.0.1][-][-][warning][application] Unable to use cache for URL manager: Failed to instantiate component or class "cache".
2020-06-12 21:18:33 [127.0.0.1][-][-][info][application] $_GET = []

$_POST = []

$_FILES = []

$_COOKIE = []

$_SERVER = [
    'USER' => 'nts'
    'HOME' => '/Users/nts'
    'HTTP_ACCEPT_LANGUAGE' => 'en-US,en;q=0.9'
    'HTTP_ACCEPT_ENCODING' => 'gzip, deflate'
    'HTTP_USER_AGENT' => 'Mozilla/5.0 (Macintosh; Intel Mac OS X 10_15_4) AppleWebKit/537.36 (KHTML, like Gecko) Chrome/83.0.4103.61 Safari/537.36'
    'HTTP_REFERER' => 'http://localhost:8082/'
    'HTTP_SEC_FETCH_MODE' => 'cors'
    'HTTP_ORIGIN' => 'http://localhost:8082'
    'HTTP_ACCESS_CONTROL_REQUEST_HEADERS' => 'authorization'
    'HTTP_ACCESS_CONTROL_REQUEST_METHOD' => 'GET'
    'HTTP_ACCEPT' => '*/*'
    'HTTP_CONNECTION' => 'keep-alive'
    'HTTP_HOST' => 'baseapi-starter.test'
    'PATH_INFO' => ''
    'REDIRECT_STATUS' => '200'
    'SERVER_NAME' => 'baseapi-starter.test'
    'SERVER_PORT' => '80'
    'SERVER_ADDR' => '127.0.0.1'
    'REMOTE_PORT' => '63991'
    'REMOTE_ADDR' => '127.0.0.1'
    'SERVER_SOFTWARE' => 'nginx/1.17.9'
    'GATEWAY_INTERFACE' => 'CGI/1.1'
    'SERVER_PROTOCOL' => 'HTTP/1.1'
    'DOCUMENT_ROOT' => '/Users/nts/nateatnts/baseapi-starter/baseapi-starter/public'
    'DOCUMENT_URI' => '/Users/nts/.composer/vendor/laravel/valet/server.php'
    'REQUEST_URI' => '/users'
    'SCRIPT_NAME' => '/index.php'
    'SCRIPT_FILENAME' => '/Users/nts/nateatnts/baseapi-starter/baseapi-starter/public/index.php'
    'CONTENT_LENGTH' => ''
    'CONTENT_TYPE' => ''
    'REQUEST_METHOD' => 'OPTIONS'
    'QUERY_STRING' => ''
    'FCGI_ROLE' => 'RESPONDER'
    'PHP_SELF' => '/users'
    'REQUEST_TIME_FLOAT' => 1591996713.825
    'REQUEST_TIME' => 1591996713
    'ENVIRONMENT' => ''
    'DB_DRIVER' => 'mysql'
    'DB_SERVER' => '127.0.0.1'
    'DB_USER' => 'root'
    'DB_PASSWORD' => 'pascal'
    'DB_DATABASE' => 'apistarter'
    'DB_TABLE_PREFIX' => 'api_'
    'DB_PORT' => ''
]
2020-06-12 21:18:33 [127.0.0.1][1][-][warning][application] Unable to use cache for URL manager: Failed to instantiate component or class "cache".
2020-06-12 21:18:33 [127.0.0.1][1][-][info][application] $_GET = []

$_POST = []

$_FILES = []

$_COOKIE = []

$_SERVER = [
    'USER' => 'nts'
    'HOME' => '/Users/nts'
    'HTTP_ACCEPT_LANGUAGE' => 'en-US,en;q=0.9'
    'HTTP_ACCEPT_ENCODING' => 'gzip, deflate'
    'HTTP_REFERER' => 'http://localhost:8082/'
    'HTTP_ORIGIN' => 'http://localhost:8082'
    'HTTP_USER_AGENT' => 'Mozilla/5.0 (Macintosh; Intel Mac OS X 10_15_4) AppleWebKit/537.36 (KHTML, like Gecko) Chrome/83.0.4103.61 Safari/537.36'
    'HTTP_AUTHORIZATION' => '***'
    'HTTP_ACCEPT' => 'application/json, text/plain, */*'
    'HTTP_CONNECTION' => 'keep-alive'
    'HTTP_HOST' => 'baseapi-starter.test'
    'PATH_INFO' => ''
    'REDIRECT_STATUS' => '200'
    'SERVER_NAME' => 'baseapi-starter.test'
    'SERVER_PORT' => '80'
    'SERVER_ADDR' => '127.0.0.1'
    'REMOTE_PORT' => '63991'
    'REMOTE_ADDR' => '127.0.0.1'
    'SERVER_SOFTWARE' => 'nginx/1.17.9'
    'GATEWAY_INTERFACE' => 'CGI/1.1'
    'SERVER_PROTOCOL' => 'HTTP/1.1'
    'DOCUMENT_ROOT' => '/Users/nts/nateatnts/baseapi-starter/baseapi-starter/public'
    'DOCUMENT_URI' => '/Users/nts/.composer/vendor/laravel/valet/server.php'
    'REQUEST_URI' => '/users'
    'SCRIPT_NAME' => '/index.php'
    'SCRIPT_FILENAME' => '/Users/nts/nateatnts/baseapi-starter/baseapi-starter/public/index.php'
    'CONTENT_LENGTH' => ''
    'CONTENT_TYPE' => ''
    'REQUEST_METHOD' => 'GET'
    'QUERY_STRING' => ''
    'FCGI_ROLE' => 'RESPONDER'
    'PHP_SELF' => '/users'
    'REQUEST_TIME_FLOAT' => 1591996713.8439
    'REQUEST_TIME' => 1591996713
    'ENVIRONMENT' => ''
    'DB_DRIVER' => 'mysql'
    'DB_SERVER' => '127.0.0.1'
    'DB_USER' => 'root'
    'DB_PASSWORD' => 'pascal'
    'DB_DATABASE' => 'apistarter'
    'DB_TABLE_PREFIX' => 'api_'
    'DB_PORT' => ''
]
2020-06-12 21:18:45 [127.0.0.1][-][-][warning][application] Unable to use cache for URL manager: Failed to instantiate component or class "cache".
2020-06-12 21:18:45 [127.0.0.1][-][-][info][application] $_GET = []

$_POST = []

$_FILES = []

$_COOKIE = []

$_SERVER = [
    'USER' => 'nts'
    'HOME' => '/Users/nts'
    'HTTP_ACCEPT_LANGUAGE' => 'en-US,en;q=0.9'
    'HTTP_ACCEPT_ENCODING' => 'gzip, deflate'
    'HTTP_USER_AGENT' => 'Mozilla/5.0 (Macintosh; Intel Mac OS X 10_15_4) AppleWebKit/537.36 (KHTML, like Gecko) Chrome/83.0.4103.61 Safari/537.36'
    'HTTP_REFERER' => 'http://localhost:8082/'
    'HTTP_SEC_FETCH_MODE' => 'cors'
    'HTTP_ORIGIN' => 'http://localhost:8082'
    'HTTP_ACCESS_CONTROL_REQUEST_HEADERS' => 'authorization,content-type'
    'HTTP_ACCESS_CONTROL_REQUEST_METHOD' => 'POST'
    'HTTP_ACCEPT' => '*/*'
    'HTTP_CONNECTION' => 'keep-alive'
    'HTTP_HOST' => 'baseapi-starter.test'
    'PATH_INFO' => ''
    'REDIRECT_STATUS' => '200'
    'SERVER_NAME' => 'baseapi-starter.test'
    'SERVER_PORT' => '80'
    'SERVER_ADDR' => '127.0.0.1'
    'REMOTE_PORT' => '63991'
    'REMOTE_ADDR' => '127.0.0.1'
    'SERVER_SOFTWARE' => 'nginx/1.17.9'
    'GATEWAY_INTERFACE' => 'CGI/1.1'
    'SERVER_PROTOCOL' => 'HTTP/1.1'
    'DOCUMENT_ROOT' => '/Users/nts/nateatnts/baseapi-starter/baseapi-starter/public'
    'DOCUMENT_URI' => '/Users/nts/.composer/vendor/laravel/valet/server.php'
    'REQUEST_URI' => '/user/check-username'
    'SCRIPT_NAME' => '/index.php'
    'SCRIPT_FILENAME' => '/Users/nts/nateatnts/baseapi-starter/baseapi-starter/public/index.php'
    'CONTENT_LENGTH' => ''
    'CONTENT_TYPE' => ''
    'REQUEST_METHOD' => 'OPTIONS'
    'QUERY_STRING' => ''
    'FCGI_ROLE' => 'RESPONDER'
    'PHP_SELF' => '/user/check-username'
    'REQUEST_TIME_FLOAT' => 1591996725.1637
    'REQUEST_TIME' => 1591996725
    'ENVIRONMENT' => ''
    'DB_DRIVER' => 'mysql'
    'DB_SERVER' => '127.0.0.1'
    'DB_USER' => 'root'
    'DB_PASSWORD' => 'pascal'
    'DB_DATABASE' => 'apistarter'
    'DB_TABLE_PREFIX' => 'api_'
    'DB_PORT' => ''
]
2020-06-12 21:18:45 [127.0.0.1][1][-][warning][application] Unable to use cache for URL manager: Failed to instantiate component or class "cache".
2020-06-12 21:18:45 [127.0.0.1][1][-][info][application] $_GET = []

$_POST = []

$_FILES = []

$_COOKIE = []

$_SERVER = [
    'USER' => 'nts'
    'HOME' => '/Users/nts'
    'HTTP_ACCEPT_LANGUAGE' => 'en-US,en;q=0.9'
    'HTTP_ACCEPT_ENCODING' => 'gzip, deflate'
    'HTTP_REFERER' => 'http://localhost:8082/'
    'HTTP_ORIGIN' => 'http://localhost:8082'
    'HTTP_CONTENT_TYPE' => 'application/json;charset=UTF-8'
    'HTTP_USER_AGENT' => 'Mozilla/5.0 (Macintosh; Intel Mac OS X 10_15_4) AppleWebKit/537.36 (KHTML, like Gecko) Chrome/83.0.4103.61 Safari/537.36'
    'HTTP_AUTHORIZATION' => '***'
    'HTTP_ACCEPT' => 'application/json, text/plain, */*'
    'HTTP_CONTENT_LENGTH' => '26'
    'HTTP_CONNECTION' => 'keep-alive'
    'HTTP_HOST' => 'baseapi-starter.test'
    'PATH_INFO' => ''
    'REDIRECT_STATUS' => '200'
    'SERVER_NAME' => 'baseapi-starter.test'
    'SERVER_PORT' => '80'
    'SERVER_ADDR' => '127.0.0.1'
    'REMOTE_PORT' => '63991'
    'REMOTE_ADDR' => '127.0.0.1'
    'SERVER_SOFTWARE' => 'nginx/1.17.9'
    'GATEWAY_INTERFACE' => 'CGI/1.1'
    'SERVER_PROTOCOL' => 'HTTP/1.1'
    'DOCUMENT_ROOT' => '/Users/nts/nateatnts/baseapi-starter/baseapi-starter/public'
    'DOCUMENT_URI' => '/Users/nts/.composer/vendor/laravel/valet/server.php'
    'REQUEST_URI' => '/user/check-username'
    'SCRIPT_NAME' => '/index.php'
    'SCRIPT_FILENAME' => '/Users/nts/nateatnts/baseapi-starter/baseapi-starter/public/index.php'
    'CONTENT_LENGTH' => '26'
    'CONTENT_TYPE' => 'application/json;charset=UTF-8'
    'REQUEST_METHOD' => 'POST'
    'QUERY_STRING' => ''
    'FCGI_ROLE' => 'RESPONDER'
    'PHP_SELF' => '/user/check-username'
    'REQUEST_TIME_FLOAT' => 1591996725.1737
    'REQUEST_TIME' => 1591996725
    'ENVIRONMENT' => ''
    'DB_DRIVER' => 'mysql'
    'DB_SERVER' => '127.0.0.1'
    'DB_USER' => 'root'
    'DB_PASSWORD' => 'pascal'
    'DB_DATABASE' => 'apistarter'
    'DB_TABLE_PREFIX' => 'api_'
    'DB_PORT' => ''
]
2020-06-12 21:18:57 [127.0.0.1][-][-][warning][application] Unable to use cache for URL manager: Failed to instantiate component or class "cache".
2020-06-12 21:18:57 [127.0.0.1][-][-][info][application] $_GET = []

$_POST = []

$_FILES = []

$_COOKIE = []

$_SERVER = [
    'USER' => 'nts'
    'HOME' => '/Users/nts'
    'HTTP_ACCEPT_LANGUAGE' => 'en-US,en;q=0.9'
    'HTTP_ACCEPT_ENCODING' => 'gzip, deflate'
    'HTTP_USER_AGENT' => 'Mozilla/5.0 (Macintosh; Intel Mac OS X 10_15_4) AppleWebKit/537.36 (KHTML, like Gecko) Chrome/83.0.4103.61 Safari/537.36'
    'HTTP_REFERER' => 'http://localhost:8082/'
    'HTTP_SEC_FETCH_MODE' => 'cors'
    'HTTP_ORIGIN' => 'http://localhost:8082'
    'HTTP_ACCESS_CONTROL_REQUEST_HEADERS' => 'authorization,content-type'
    'HTTP_ACCESS_CONTROL_REQUEST_METHOD' => 'POST'
    'HTTP_ACCEPT' => '*/*'
    'HTTP_CONNECTION' => 'keep-alive'
    'HTTP_HOST' => 'baseapi-starter.test'
    'PATH_INFO' => ''
    'REDIRECT_STATUS' => '200'
    'SERVER_NAME' => 'baseapi-starter.test'
    'SERVER_PORT' => '80'
    'SERVER_ADDR' => '127.0.0.1'
    'REMOTE_PORT' => '63991'
    'REMOTE_ADDR' => '127.0.0.1'
    'SERVER_SOFTWARE' => 'nginx/1.17.9'
    'GATEWAY_INTERFACE' => 'CGI/1.1'
    'SERVER_PROTOCOL' => 'HTTP/1.1'
    'DOCUMENT_ROOT' => '/Users/nts/nateatnts/baseapi-starter/baseapi-starter/public'
    'DOCUMENT_URI' => '/Users/nts/.composer/vendor/laravel/valet/server.php'
    'REQUEST_URI' => '/user/add'
    'SCRIPT_NAME' => '/index.php'
    'SCRIPT_FILENAME' => '/Users/nts/nateatnts/baseapi-starter/baseapi-starter/public/index.php'
    'CONTENT_LENGTH' => ''
    'CONTENT_TYPE' => ''
    'REQUEST_METHOD' => 'OPTIONS'
    'QUERY_STRING' => ''
    'FCGI_ROLE' => 'RESPONDER'
    'PHP_SELF' => '/user/add'
    'REQUEST_TIME_FLOAT' => 1591996737.6442
    'REQUEST_TIME' => 1591996737
    'ENVIRONMENT' => ''
    'DB_DRIVER' => 'mysql'
    'DB_SERVER' => '127.0.0.1'
    'DB_USER' => 'root'
    'DB_PASSWORD' => 'pascal'
    'DB_DATABASE' => 'apistarter'
    'DB_TABLE_PREFIX' => 'api_'
    'DB_PORT' => ''
]
2020-06-12 21:18:57 [127.0.0.1][1][-][warning][application] Unable to use cache for URL manager: Failed to instantiate component or class "cache".
2020-06-12 21:18:57 [127.0.0.1][1][-][info][application] $_GET = []

$_POST = []

$_FILES = []

$_COOKIE = []

$_SERVER = [
    'USER' => 'nts'
    'HOME' => '/Users/nts'
    'HTTP_ACCEPT_LANGUAGE' => 'en-US,en;q=0.9'
    'HTTP_ACCEPT_ENCODING' => 'gzip, deflate'
    'HTTP_REFERER' => 'http://localhost:8082/'
    'HTTP_ORIGIN' => 'http://localhost:8082'
    'HTTP_CONTENT_TYPE' => 'application/json;charset=UTF-8'
    'HTTP_USER_AGENT' => 'Mozilla/5.0 (Macintosh; Intel Mac OS X 10_15_4) AppleWebKit/537.36 (KHTML, like Gecko) Chrome/83.0.4103.61 Safari/537.36'
    'HTTP_AUTHORIZATION' => '***'
    'HTTP_ACCEPT' => 'application/json, text/plain, */*'
    'HTTP_CONTENT_LENGTH' => '161'
    'HTTP_CONNECTION' => 'keep-alive'
    'HTTP_HOST' => 'baseapi-starter.test'
    'PATH_INFO' => ''
    'REDIRECT_STATUS' => '200'
    'SERVER_NAME' => 'baseapi-starter.test'
    'SERVER_PORT' => '80'
    'SERVER_ADDR' => '127.0.0.1'
    'REMOTE_PORT' => '63991'
    'REMOTE_ADDR' => '127.0.0.1'
    'SERVER_SOFTWARE' => 'nginx/1.17.9'
    'GATEWAY_INTERFACE' => 'CGI/1.1'
    'SERVER_PROTOCOL' => 'HTTP/1.1'
    'DOCUMENT_ROOT' => '/Users/nts/nateatnts/baseapi-starter/baseapi-starter/public'
    'DOCUMENT_URI' => '/Users/nts/.composer/vendor/laravel/valet/server.php'
    'REQUEST_URI' => '/user/add'
    'SCRIPT_NAME' => '/index.php'
    'SCRIPT_FILENAME' => '/Users/nts/nateatnts/baseapi-starter/baseapi-starter/public/index.php'
    'CONTENT_LENGTH' => '161'
    'CONTENT_TYPE' => 'application/json;charset=UTF-8'
    'REQUEST_METHOD' => 'POST'
    'QUERY_STRING' => ''
    'FCGI_ROLE' => 'RESPONDER'
    'PHP_SELF' => '/user/add'
    'REQUEST_TIME_FLOAT' => 1591996737.6491
    'REQUEST_TIME' => 1591996737
    'ENVIRONMENT' => ''
    'DB_DRIVER' => 'mysql'
    'DB_SERVER' => '127.0.0.1'
    'DB_USER' => 'root'
    'DB_PASSWORD' => 'pascal'
    'DB_DATABASE' => 'apistarter'
    'DB_TABLE_PREFIX' => 'api_'
    'DB_PORT' => ''
]
2020-06-12 21:18:58 [127.0.0.1][1][-][warning][application] Unable to use cache for URL manager: Failed to instantiate component or class "cache".
2020-06-12 21:18:58 [127.0.0.1][1][-][info][application] $_GET = []

$_POST = []

$_FILES = []

$_COOKIE = []

$_SERVER = [
    'USER' => 'nts'
    'HOME' => '/Users/nts'
    'HTTP_ACCEPT_LANGUAGE' => 'en-US,en;q=0.9'
    'HTTP_ACCEPT_ENCODING' => 'gzip, deflate'
    'HTTP_REFERER' => 'http://localhost:8082/'
    'HTTP_ORIGIN' => 'http://localhost:8082'
    'HTTP_USER_AGENT' => 'Mozilla/5.0 (Macintosh; Intel Mac OS X 10_15_4) AppleWebKit/537.36 (KHTML, like Gecko) Chrome/83.0.4103.61 Safari/537.36'
    'HTTP_AUTHORIZATION' => '***'
    'HTTP_ACCEPT' => 'application/json, text/plain, */*'
    'HTTP_CONNECTION' => 'keep-alive'
    'HTTP_HOST' => 'baseapi-starter.test'
    'PATH_INFO' => ''
    'REDIRECT_STATUS' => '200'
    'SERVER_NAME' => 'baseapi-starter.test'
    'SERVER_PORT' => '80'
    'SERVER_ADDR' => '127.0.0.1'
    'REMOTE_PORT' => '63991'
    'REMOTE_ADDR' => '127.0.0.1'
    'SERVER_SOFTWARE' => 'nginx/1.17.9'
    'GATEWAY_INTERFACE' => 'CGI/1.1'
    'SERVER_PROTOCOL' => 'HTTP/1.1'
    'DOCUMENT_ROOT' => '/Users/nts/nateatnts/baseapi-starter/baseapi-starter/public'
    'DOCUMENT_URI' => '/Users/nts/.composer/vendor/laravel/valet/server.php'
    'REQUEST_URI' => '/users'
    'SCRIPT_NAME' => '/index.php'
    'SCRIPT_FILENAME' => '/Users/nts/nateatnts/baseapi-starter/baseapi-starter/public/index.php'
    'CONTENT_LENGTH' => ''
    'CONTENT_TYPE' => ''
    'REQUEST_METHOD' => 'GET'
    'QUERY_STRING' => ''
    'FCGI_ROLE' => 'RESPONDER'
    'PHP_SELF' => '/users'
    'REQUEST_TIME_FLOAT' => 1591996738.0207
    'REQUEST_TIME' => 1591996738
    'ENVIRONMENT' => ''
    'DB_DRIVER' => 'mysql'
    'DB_SERVER' => '127.0.0.1'
    'DB_USER' => 'root'
    'DB_PASSWORD' => 'pascal'
    'DB_DATABASE' => 'apistarter'
    'DB_TABLE_PREFIX' => 'api_'
    'DB_PORT' => ''
]
